0 info it worked if it ends with ok
1 verbose cli [ '/usr/local/bin/node',
1 verbose cli   '/usr/local/bin/npm',
1 verbose cli   'update',
1 verbose cli   '-g',
1 verbose cli   'cordova',
1 verbose cli   'ionic' ]
2 info using npm@2.14.12
3 info using node@v4.3.1
4 silly mapToRegistry name cordova
5 silly mapToRegistry using default registry
6 silly mapToRegistry registry https://registry.npmjs.org/
7 silly mapToRegistry uri https://registry.npmjs.org/cordova
8 silly mapToRegistry name ionic
9 silly mapToRegistry using default registry
10 silly mapToRegistry registry https://registry.npmjs.org/
11 silly mapToRegistry uri https://registry.npmjs.org/ionic
12 verbose request uri https://registry.npmjs.org/cordova
13 verbose request no auth needed
14 info attempt registry request try #1 at 11:26:04 PM
15 verbose request id 9a97f8d370d9b1d5
16 verbose etag "7NNN2YRF6ZZEFALQ39KITJS7Z"
17 http request GET https://registry.npmjs.org/cordova
18 verbose request uri https://registry.npmjs.org/ionic
19 verbose request no auth needed
20 info attempt registry request try #1 at 11:26:04 PM
21 verbose etag "BT9FRXBXCS5RLKSH6HK3II6U8"
22 http request GET https://registry.npmjs.org/ionic
23 http 200 https://registry.npmjs.org/cordova
24 verbose headers { server: 'CouchDB/1.5.0 (Erlang OTP/R16B03)',
24 verbose headers   etag: '"2C5R0KC1Y6PBRI3V7UUW7UJYW"',
24 verbose headers   'content-type': 'application/json',
24 verbose headers   'content-encoding': 'gzip',
24 verbose headers   'cache-control': 'max-age=300',
24 verbose headers   'content-length': '44088',
24 verbose headers   'accept-ranges': 'bytes',
24 verbose headers   date: 'Thu, 04 Aug 2016 14:26:05 GMT',
24 verbose headers   via: '1.1 varnish',
24 verbose headers   age: '0',
24 verbose headers   connection: 'keep-alive',
24 verbose headers   'x-served-by': 'cache-nrt6132-NRT',
24 verbose headers   'x-cache': 'HIT',
24 verbose headers   'x-cache-hits': '1',
24 verbose headers   'x-timer': 'S1470320764.475822,VS0,VE620',
24 verbose headers   vary: 'Accept-Encoding' }
25 silly get cb [ 200,
25 silly get   { server: 'CouchDB/1.5.0 (Erlang OTP/R16B03)',
25 silly get     etag: '"2C5R0KC1Y6PBRI3V7UUW7UJYW"',
25 silly get     'content-type': 'application/json',
25 silly get     'content-encoding': 'gzip',
25 silly get     'cache-control': 'max-age=300',
25 silly get     'content-length': '44088',
25 silly get     'accept-ranges': 'bytes',
25 silly get     date: 'Thu, 04 Aug 2016 14:26:05 GMT',
25 silly get     via: '1.1 varnish',
25 silly get     age: '0',
25 silly get     connection: 'keep-alive',
25 silly get     'x-served-by': 'cache-nrt6132-NRT',
25 silly get     'x-cache': 'HIT',
25 silly get     'x-cache-hits': '1',
25 silly get     'x-timer': 'S1470320764.475822,VS0,VE620',
25 silly get     vary: 'Accept-Encoding' } ]
26 verbose get saving cordova to /Users/Mac/.npm/registry.npmjs.org/cordova/.cache.json
27 http 200 https://registry.npmjs.org/ionic
28 verbose headers { server: 'CouchDB/1.5.0 (Erlang OTP/R16B03)',
28 verbose headers   etag: '"2VSN4LKJ7MN7KY8AJ5D6IU8PB"',
28 verbose headers   'content-type': 'application/json',
28 verbose headers   'content-encoding': 'gzip',
28 verbose headers   'cache-control': 'max-age=300',
28 verbose headers   'content-length': '64612',
28 verbose headers   'accept-ranges': 'bytes',
28 verbose headers   date: 'Thu, 04 Aug 2016 14:26:05 GMT',
28 verbose headers   via: '1.1 varnish',
28 verbose headers   age: '0',
28 verbose headers   connection: 'keep-alive',
28 verbose headers   'x-served-by': 'cache-nrt6127-NRT',
28 verbose headers   'x-cache': 'HIT',
28 verbose headers   'x-cache-hits': '1',
28 verbose headers   'x-timer': 'S1470320764.478103,VS0,VE694',
28 verbose headers   vary: 'Accept-Encoding' }
29 silly get cb [ 200,
29 silly get   { server: 'CouchDB/1.5.0 (Erlang OTP/R16B03)',
29 silly get     etag: '"2VSN4LKJ7MN7KY8AJ5D6IU8PB"',
29 silly get     'content-type': 'application/json',
29 silly get     'content-encoding': 'gzip',
29 silly get     'cache-control': 'max-age=300',
29 silly get     'content-length': '64612',
29 silly get     'accept-ranges': 'bytes',
29 silly get     date: 'Thu, 04 Aug 2016 14:26:05 GMT',
29 silly get     via: '1.1 varnish',
29 silly get     age: '0',
29 silly get     connection: 'keep-alive',
29 silly get     'x-served-by': 'cache-nrt6127-NRT',
29 silly get     'x-cache': 'HIT',
29 silly get     'x-cache-hits': '1',
29 silly get     'x-timer': 'S1470320764.478103,VS0,VE694',
29 silly get     vary: 'Accept-Encoding' } ]
30 verbose get saving ionic to /Users/Mac/.npm/registry.npmjs.org/ionic/.cache.json
31 info outdated updating [ [ '/usr/local/lib', 'cordova', '6.2.0', '6.3.0', '6.3.0', 'latest' ],
31 info outdated   [ '/usr/local/lib',
31 info outdated     'ionic',
31 info outdated     '1.7.15',
31 info outdated     '1.7.16',
31 info outdated     '1.7.16',
31 info outdated     'latest' ] ]
32 verbose install where, what [ '/usr/local/lib', [ 'cordova@6.3.0' ] ]
33 verbose install where, what [ '/usr/local/lib', [ 'ionic@1.7.16' ] ]
34 verbose install initial load of /usr/local/lib/package.json
35 verbose install initial load of /usr/local/lib/package.json
36 verbose readDependencies loading dependencies from /usr/local/lib/package.json
37 verbose readDependencies loading dependencies from /usr/local/lib/package.json
38 silly cache add args [ 'cordova@6.3.0', null ]
39 verbose cache add spec cordova@6.3.0
40 silly cache add parsed spec Result {
40 silly cache add   raw: 'cordova@6.3.0',
40 silly cache add   scope: null,
40 silly cache add   name: 'cordova',
40 silly cache add   rawSpec: '6.3.0',
40 silly cache add   spec: '6.3.0',
40 silly cache add   type: 'version' }
41 silly addNamed cordova@6.3.0
42 verbose addNamed "6.3.0" is a plain semver version for cordova
43 silly mapToRegistry name cordova
44 silly mapToRegistry using default registry
45 silly mapToRegistry registry https://registry.npmjs.org/
46 silly mapToRegistry uri https://registry.npmjs.org/cordova
47 verbose addNameVersion registry:https://registry.npmjs.org/cordova not in flight; fetching
48 silly cache add args [ 'ionic@1.7.16', null ]
49 verbose cache add spec ionic@1.7.16
50 silly cache add parsed spec Result {
50 silly cache add   raw: 'ionic@1.7.16',
50 silly cache add   scope: null,
50 silly cache add   name: 'ionic',
50 silly cache add   rawSpec: '1.7.16',
50 silly cache add   spec: '1.7.16',
50 silly cache add   type: 'version' }
51 silly addNamed ionic@1.7.16
52 verbose addNamed "1.7.16" is a plain semver version for ionic
53 silly mapToRegistry name ionic
54 silly mapToRegistry using default registry
55 silly mapToRegistry registry https://registry.npmjs.org/
56 silly mapToRegistry uri https://registry.npmjs.org/ionic
57 verbose addNameVersion registry:https://registry.npmjs.org/ionic not in flight; fetching
58 verbose get https://registry.npmjs.org/cordova not expired, no request
59 verbose get https://registry.npmjs.org/ionic not expired, no request
60 silly mapToRegistry name cordova
61 silly mapToRegistry using default registry
62 silly mapToRegistry registry https://registry.npmjs.org/
63 silly mapToRegistry uri https://registry.npmjs.org/cordova
64 verbose addRemoteTarball https://registry.npmjs.org/cordova/-/cordova-6.3.0.tgz not in flight; adding
65 verbose addRemoteTarball [ 'https://registry.npmjs.org/cordova/-/cordova-6.3.0.tgz',
65 verbose addRemoteTarball   'fe886017d03402b9e8a266c16767059036b6627e' ]
66 silly mapToRegistry name ionic
67 silly mapToRegistry using default registry
68 silly mapToRegistry registry https://registry.npmjs.org/
69 silly mapToRegistry uri https://registry.npmjs.org/ionic
70 verbose addRemoteTarball https://registry.npmjs.org/ionic/-/ionic-1.7.16.tgz not in flight; adding
71 verbose addRemoteTarball [ 'https://registry.npmjs.org/ionic/-/ionic-1.7.16.tgz',
71 verbose addRemoteTarball   'aeff62ee70b10b1563d85b9d4ea7005640bbc584' ]
72 info retry fetch attempt 1 at 11:26:05 PM
73 info attempt registry request try #1 at 11:26:05 PM
74 http fetch GET https://registry.npmjs.org/cordova/-/cordova-6.3.0.tgz
75 info retry fetch attempt 1 at 11:26:05 PM
76 info attempt registry request try #1 at 11:26:05 PM
77 http fetch GET https://registry.npmjs.org/ionic/-/ionic-1.7.16.tgz
78 http fetch 200 https://registry.npmjs.org/ionic/-/ionic-1.7.16.tgz
79 http fetch 200 https://registry.npmjs.org/cordova/-/cordova-6.3.0.tgz
80 silly fetchAndShaCheck shasum fe886017d03402b9e8a266c16767059036b6627e
81 verbose addTmpTarball /var/folders/lr/z58clqm95rz9rv3nchg276g00000gn/T/npm-11511-797f299c/registry.npmjs.org/cordova/-/cordova-6.3.0.tgz not in flight; adding
82 verbose addTmpTarball already have metadata; skipping unpack for cordova@6.3.0
83 silly cache afterAdd cordova@6.3.0
84 verbose afterAdd /Users/Mac/.npm/cordova/6.3.0/package/package.json not in flight; writing
85 verbose afterAdd /Users/Mac/.npm/cordova/6.3.0/package/package.json written
86 silly install resolved [ { name: 'cordova',
86 silly install resolved     version: '6.3.0',
86 silly install resolved     preferGlobal: 'true',
86 silly install resolved     description: 'Cordova command line interface tool',
86 silly install resolved     main: 'cordova',
86 silly install resolved     engines: { node: '>=0.9.9' },
86 silly install resolved     engineStrict: true,
86 silly install resolved     bin: { cordova: './bin/cordova' },
86 silly install resolved     scripts:
86 silly install resolved      { test: 'node node_modules/jasmine-node/bin/jasmine-node --captureExceptions --color spec',
86 silly install resolved        cover: 'node node_modules/istanbul/lib/cli.js cover --root src --print detail node_modules/jasmine-node/bin/jasmine-node -- spec' },
86 silly install resolved     repository:
86 silly install resolved      { type: 'git',
86 silly install resolved        url: 'https://git-wip-us.apache.org/repos/asf/cordova-cli.git' },
86 silly install resolved     bugs:
86 silly install resolved      { url: 'https://issues.apache.org/jira/browse/CB',
86 silly install resolved        email: 'dev@cordova.apache.org' },
86 silly install resolved     keywords: [ 'cordova', 'client', 'cli' ],
86 silly install resolved     dependencies:
86 silly install resolved      { 'cordova-lib': '6.3.0',
86 silly install resolved        'cordova-common': '1.4.x',
86 silly install resolved        q: '1.0.1',
86 silly install resolved        nopt: '3.0.1',
86 silly install resolved        underscore: '1.7.0',
86 silly install resolved        'update-notifier': '^0.5.0',
86 silly install resolved        insight: '~0.8.2' },
86 silly install resolved     devDependencies:
86 silly install resolved      { istanbul: '^0.3.4',
86 silly install resolved        grunt: '0.4.5',
86 silly install resolved        'grunt-retire': '0.3.7',
86 silly install resolved        'jasmine-node': '1.14.5' },
86 silly install resolved     author: { name: 'Anis Kadri' },
86 silly install resolved     contributors:
86 silly install resolved      [ [Object],
86 silly install resolved        [Object],
86 silly install resolved        [Object],
86 silly install resolved        [Object],
86 silly install resolved        [Object],
86 silly install resolved        [Object],
86 silly install resolved        [Object],
86 silly install resolved        [Object],
86 silly install resolved        [Object],
86 silly install resolved        [Object],
86 silly install resolved        [Object],
86 silly install resolved        [Object],
86 silly install resolved        [Object],
86 silly install resolved        [Object],
86 silly install resolved        [Object],
86 silly install resolved        [Object],
86 silly install resolved        [Object],
86 silly install resolved        [Object],
86 silly install resolved        [Object],
86 silly install resolved        [Object],
86 silly install resolved        [Object],
86 silly install resolved        [Object],
86 silly install resolved        [Object],
86 silly install resolved        [Object] ],
86 silly install resolved     license: 'Apache-2.0',
86 silly install resolved     _id: 'cordova@6.3.0',
86 silly install resolved     _shasum: 'fe886017d03402b9e8a266c16767059036b6627e',
86 silly install resolved     _resolved: 'https://registry.npmjs.org/cordova/-/cordova-6.3.0.tgz',
86 silly install resolved     _from: 'cordova@6.3.0',
86 silly install resolved     _npmVersion: '3.10.5',
86 silly install resolved     _nodeVersion: '6.3.0',
86 silly install resolved     _npmUser:
86 silly install resolved      { name: 'kotikov.vladimir',
86 silly install resolved        email: 'kotikov.vladimir@gmail.com' },
86 silly install resolved     dist:
86 silly install resolved      { shasum: 'fe886017d03402b9e8a266c16767059036b6627e',
86 silly install resolved        tarball: 'https://registry.npmjs.org/cordova/-/cordova-6.3.0.tgz' },
86 silly install resolved     maintainers:
86 silly install resolved      [ [Object],
86 silly install resolved        [Object],
86 silly install resolved        [Object],
86 silly install resolved        [Object],
86 silly install resolved        [Object],
86 silly install resolved        [Object],
86 silly install resolved        [Object],
86 silly install resolved        [Object],
86 silly install resolved        [Object],
86 silly install resolved        [Object],
86 silly install resolved        [Object],
86 silly install resolved        [Object],
86 silly install resolved        [Object],
86 silly install resolved        [Object],
86 silly install resolved        [Object],
86 silly install resolved        [Object],
86 silly install resolved        [Object],
86 silly install resolved        [Object] ],
86 silly install resolved     _npmOperationalInternal:
86 silly install resolved      { host: 'packages-12-west.internal.npmjs.com',
86 silly install resolved        tmp: 'tmp/cordova-6.3.0.tgz_1469123615353_0.8465652170125395' },
86 silly install resolved     directories: {} } ]
87 info install cordova@6.3.0 into /usr/local/lib
88 info installOne cordova@6.3.0
89 verbose installOne of cordova to /usr/local/lib not in flight; installing
90 verbose lock using /Users/Mac/.npm/_locks/cordova-fa12e2e096426a32.lock for /usr/local/lib/node_modules/cordova
91 silly install write writing cordova 6.3.0 to /usr/local/lib/node_modules/cordova
92 verbose unbuild lib/node_modules/cordova
93 info preuninstall cordova@6.2.0
94 info uninstall cordova@6.2.0
95 verbose unbuild rmStuff cordova@6.2.0 from /usr/local/lib/node_modules
96 silly gentlyRm /usr/local/bin/cordova is being gently removed
97 silly gentlyRm verifying /usr/local is an npm working directory
98 silly gentlyRm containing path /usr/local is under npm's control, in /usr/local
99 silly gentlyRm deletion target /usr/local/bin/cordova is under /usr/local
100 verbose gentlyRm vacuuming from /usr/local/bin/cordova up to /usr/local
101 silly vacuum-fs removing /usr/local/bin/cordova
102 silly vacuum-fs quitting because other entries in /usr/local/bin
103 info postuninstall cordova@6.2.0
104 silly gentlyRm /usr/local/lib/node_modules/cordova is being purged from base /usr/local
105 verbose gentlyRm don't care about contents; nuking /usr/local/lib/node_modules/cordova
106 silly vacuum-fs purging /usr/local/lib/node_modules/cordova
107 verbose unlock done using /Users/Mac/.npm/_locks/cordova-fa12e2e096426a32.lock for /usr/local/lib/node_modules/cordova
108 silly fetchAndShaCheck shasum aeff62ee70b10b1563d85b9d4ea7005640bbc584
109 verbose addTmpTarball /var/folders/lr/z58clqm95rz9rv3nchg276g00000gn/T/npm-11511-797f299c/registry.npmjs.org/ionic/-/ionic-1.7.16.tgz not in flight; adding
110 verbose addTmpTarball already have metadata; skipping unpack for ionic@1.7.16
111 silly cache afterAdd ionic@1.7.16
112 verbose afterAdd /Users/Mac/.npm/ionic/1.7.16/package/package.json not in flight; writing
113 verbose afterAdd /Users/Mac/.npm/ionic/1.7.16/package/package.json written
114 silly install resolved [ { name: 'ionic',
114 silly install resolved     version: '1.7.16',
114 silly install resolved     preferGlobal: true,
114 silly install resolved     description: 'A tool for creating and developing Ionic Framework mobile apps.',
114 silly install resolved     homepage: 'http://ionicframework.com/',
114 silly install resolved     bin: { ionic: 'bin/ionic' },
114 silly install resolved     scripts:
114 silly install resolved      { bump: 'node lib/tasks/bumpversion',
114 silly install resolved        'beta-bump': 'node lib/tasks/bumpversion --level pre --identifier beta',
114 silly install resolved        'publish-release': 'node lib/tasks/bumpversion --npmPublish',
114 silly install resolved        'publish-tag': 'node lib/tasks/bumpversion --level beta --npmPublishTag',
114 silly install resolved        'full-release': 'node lib/tasks/bumpversion --npmInstall --git --npmPublish',
114 silly install resolved        test: 'npm run jasmine',
114 silly install resolved        coveralls: 'istanbul cover node_modules/jasmine-node/bin/jasmine-node --captureExceptions spec/ && cat coverage/lcov.info | node_modules/coveralls/bin/coveralls.js && rm -rf coverage',
114 silly install resolved        e2e: 'jasmine-node --captureExceptions e2e/',
114 silly install resolved        jasmine: 'jasmine-node --captureExceptions  spec/' },
114 silly install resolved     keywords:
114 silly install resolved      [ 'ionic',
114 silly install resolved        'ionic framework',
114 silly install resolved        'ionicframework',
114 silly install resolved        'mobile',
114 silly install resolved        'app',
114 silly install resolved        'hybrid',
114 silly install resolved        'cordova',
114 silly install resolved        'phonegap' ],
114 silly install resolved     repository:
114 silly install resolved      { type: 'git',
114 silly install resolved        url: 'git+https://github.com/driftyco/ionic-cli.git' },
114 silly install resolved     contributors: [ [Object], [Object], [Object], [Object] ],
114 silly install resolved     license: 'MIT',
114 silly install resolved     dependencies:
114 silly install resolved      { async: '^0.9.0',
114 silly install resolved        cheerio: '^0.19.0',
114 silly install resolved        'cli-table': '^0.3.1',
114 silly install resolved        colors: '0.6.2',
114 silly install resolved        connect: '3.1.1',
114 silly install resolved        'connect-livereload': '0.5.2',
114 silly install resolved        crc: '3.2.1',
114 silly install resolved        'cross-spawn': '0.2.3',
114 silly install resolved        'event-stream': '3.0.x',
114 silly install resolved        'expand-tilde': '^1.2.0',
114 silly install resolved        finalhandler: '0.2.0',
114 silly install resolved        'form-data': '0.1.4',
114 silly install resolved        gulp: '3.8.8',
114 silly install resolved        'ionic-app-lib': '0.7.3',
114 silly install resolved        moment: '^2.10.6',
114 silly install resolved        ncp: '0.4.2',
114 silly install resolved        npm: '2.1.3',
114 silly install resolved        open: '0.0.5',
114 silly install resolved        optimist: '0.6.0',
114 silly install resolved        progress: '1.1.7',
114 silly install resolved        prompt: '0.2.12',
114 silly install resolved        'proxy-middleware': '^0.7.0',
114 silly install resolved        q: '1.0.1',
114 silly install resolved        request: '2.51.0',
114 silly install resolved        semver: '^4.2.0',
114 silly install resolved        'serve-static': '1.7.1',
114 silly install resolved        shelljs: '0.2.6',
114 silly install resolved        'tiny-lr-fork': '0.0.5',
114 silly install resolved        underscore: '~1.7.0',
114 silly install resolved        unzip: '0.1.9',
114 silly install resolved        'vinyl-fs': '0.3.7',
114 silly install resolved        xml2js: '0.4.4' },
114 silly install resolved     devDependencies:
114 silly install resolved      { istanbul: '^0.4.3',
114 silly install resolved        'jasmine-node': '^1.14.5',
114 silly install resolved        rewire: '^2.3.4',
114 silly install resolved        coveralls: '^2.2.0' },
114 silly install resolved     gitHead: '18c567549d82beaa921c2afcd4abbd6c2c2ff402',
114 silly install resolved     bugs: { url: 'https://github.com/driftyco/ionic-cli/issues' },
114 silly install resolved     bundleDependencies:
114 silly install resolved      [ 'async',
114 silly install resolved        'cheerio',
114 silly install resolved        'cli-table',
114 silly install resolved        'colors',
114 silly install resolved        'connect',
114 silly install resolved        'connect-livereload',
114 silly install resolved        'crc',
114 silly install resolved        'cross-spawn',
114 silly install resolved        'event-stream',
114 silly install resolved        'expand-tilde',
114 silly install resolved        'finalhandler',
114 silly install resolved        'form-data',
114 silly install resolved        'gulp',
114 silly install resolved        'ionic-app-lib',
114 silly install resolved        'moment',
114 silly install resolved        'ncp',
114 silly install resolved        'npm',
114 silly install resolved        'open',
114 silly install resolved        'optimist',
114 silly install resolved        'progress',
114 silly install resolved        'prompt',
114 silly install resolved        'proxy-middleware',
114 silly install resolved        'q',
114 silly install resolved        'request',
114 silly install resolved        'semver',
114 silly install resolved        'serve-static',
114 silly install resolved        'shelljs',
114 silly install resolved        'tiny-lr-fork',
114 silly install resolved        'underscore',
114 silly install resolved        'unzip',
114 silly install resolved        'vinyl-fs',
114 silly install resolved        'xml2js' ],
114 silly install resolved     _id: 'ionic@1.7.16',
114 silly install resolved     _shasum: 'aeff62ee70b10b1563d85b9d4ea7005640bbc584',
114 silly install resolved     _from: 'ionic@1.7.16',
114 silly install resolved     _npmVersion: '2.15.8',
114 silly install resolved     _nodeVersion: '5.11.1',
114 silly install resolved     _npmUser: { name: 'tlancina', email: 'tim@ionic.io' },
114 silly install resolved     dist:
114 silly install resolved      { shasum: 'aeff62ee70b10b1563d85b9d4ea7005640bbc584',
114 silly install resolved        tarball: 'https://registry.npmjs.org/ionic/-/ionic-1.7.16.tgz' },
114 silly install resolved     maintainers: [ [Object], [Object], [Object], [Object], [Object], [Object] ],
114 silly install resolved     _npmOperationalInternal:
114 silly install resolved      { host: 'packages-12-west.internal.npmjs.com',
114 silly install resolved        tmp: 'tmp/ionic-1.7.16.tgz_1466719271098_0.49172955146059394' },
114 silly install resolved     directories: {},
114 silly install resolved     _resolved: 'https://registry.npmjs.org/ionic/-/ionic-1.7.16.tgz' } ]
115 info install ionic@1.7.16 into /usr/local/lib
116 info installOne ionic@1.7.16
117 verbose installOne of ionic to /usr/local/lib not in flight; installing
118 verbose lock using /Users/Mac/.npm/_locks/ionic-61c0cd50dc7a1457.lock for /usr/local/lib/node_modules/ionic
119 silly install write writing ionic 1.7.16 to /usr/local/lib/node_modules/ionic
120 verbose unbuild lib/node_modules/ionic
121 info preuninstall ionic@1.7.15
122 info uninstall ionic@1.7.15
123 verbose unbuild rmStuff ionic@1.7.15 from /usr/local/lib/node_modules
124 silly gentlyRm /usr/local/bin/ionic is being gently removed
125 silly gentlyRm verifying /usr/local is an npm working directory
126 silly gentlyRm containing path /usr/local is under npm's control, in /usr/local
127 silly gentlyRm deletion target /usr/local/bin/ionic is under /usr/local
128 verbose gentlyRm vacuuming from /usr/local/bin/ionic up to /usr/local
129 silly vacuum-fs removing /usr/local/bin/ionic
130 silly vacuum-fs quitting because other entries in /usr/local/bin
131 info postuninstall ionic@1.7.15
132 silly gentlyRm /usr/local/lib/node_modules/ionic is being purged from base /usr/local
133 verbose gentlyRm don't care about contents; nuking /usr/local/lib/node_modules/ionic
134 silly vacuum-fs purging /usr/local/lib/node_modules/ionic
135 verbose unlock done using /Users/Mac/.npm/_locks/ionic-61c0cd50dc7a1457.lock for /usr/local/lib/node_modules/ionic
136 verbose stack Error: EACCES: permission denied, rmdir '/usr/local/lib/node_modules/cordova'
136 verbose stack     at Error (native)
137 verbose cwd /Users/Mac/WebstormProjects/egg_app
138 error Darwin 15.2.0
139 error argv "/usr/local/bin/node" "/usr/local/bin/npm" "update" "-g" "cordova" "ionic"
140 error node v4.3.1
141 error npm  v2.14.12
142 error path /usr/local/lib/node_modules/cordova
143 error code EACCES
144 error errno -13
145 error syscall rmdir
146 error Error: EACCES: permission denied, rmdir '/usr/local/lib/node_modules/cordova'
146 error     at Error (native)
146 error  { [Error: EACCES: permission denied, rmdir '/usr/local/lib/node_modules/cordova']
146 error   errno: -13,
146 error   code: 'EACCES',
146 error   syscall: 'rmdir',
146 error   path: '/usr/local/lib/node_modules/cordova' }
147 error Please try running this command again as root/Administrator.
148 verbose exit [ -13, true ]
149 verbose unbuild lib/node_modules/cordova
150 info preuninstall cordova@6.2.0
151 info uninstall cordova@6.2.0
152 verbose unbuild rmStuff cordova@6.2.0 from /usr/local/lib/node_modules
153 silly gentlyRm /usr/local/bin/cordova is being gently removed
154 silly gentlyRm verifying /usr/local is an npm working directory
155 silly gentlyRm containing path /usr/local is under npm's control, in /usr/local
156 silly gentlyRm deletion target /usr/local/bin/cordova is under /usr/local
157 verbose gentlyRm vacuuming from /usr/local/bin/cordova up to /usr/local
158 info postuninstall cordova@6.2.0
159 silly gentlyRm /usr/local/lib/node_modules/cordova is being purged from base /usr/local
160 verbose gentlyRm don't care about contents; nuking /usr/local/lib/node_modules/cordova
161 silly vacuum-fs purging /usr/local/lib/node_modules/cordova
162 error error rolling back Error: EACCES: permission denied, rmdir '/usr/local/lib/node_modules/cordova'
162 error error rolling back     at Error (native)
162 error error rolling back  { [Error: EACCES: permission denied, rmdir '/usr/local/lib/node_modules/cordova']
162 error error rolling back   errno: -13,
162 error error rolling back   code: 'EACCES',
162 error error rolling back   syscall: 'rmdir',
162 error error rolling back   path: '/usr/local/lib/node_modules/cordova' }
